<?xml version="1.0" encoding="UTF-8"?>
<testsuite name="Cucumber" time="257.823" tests="4" skipped="0" failures="1" errors="0">
<testcase classname="Amazon Shopping Cart Functionality" name="Add item to cart and view cart" time="213.056">
<failure type="java.lang.RuntimeException" message="Failed to add product to cart: ❌ Add to Cart button not found or clickable">
<![CDATA[java.lang.RuntimeException: Failed to add product to cart: ❌ Add to Cart button not found or clickable
	at pages.ProductPage.addProductToCart(ProductPage.java:90)
	at stepDefinitions.ProductSteps.i_add_the_product_to_cart(ProductSteps.java:25)
	at ✽.I add the product to cart(file:///C:/Users/anshi/project/SeleniumCapstoneProject/src/test/resources/features/Cart.feature:13)
Caused by: java.lang.RuntimeException: ❌ Add to Cart button not found or clickable
	at pages.ProductPage.addProductToCart(ProductPage.java:83)
	at stepDefinitions.ProductSteps.i_add_the_product_to_cart(ProductSteps.java:25)
	at java.base/jdk.internal.reflect.DirectMethodHandleAccessor.invoke(DirectMethodHandleAccessor.java:103)
	at java.base/java.lang.reflect.Method.invoke(Method.java:580)
	at io.cucumber.java.Invoker.doInvoke(Invoker.java:66)
	at io.cucumber.java.Invoker.invoke(Invoker.java:24)
	at io.cucumber.java.AbstractGlueDefinition.invokeMethod(AbstractGlueDefinition.java:47)
	at io.cucumber.java.JavaStepDefinition.execute(JavaStepDefinition.java:29)
	at io.cucumber.core.runner.CoreStepDefinition.execute(CoreStepDefinition.java:66)
	at io.cucumber.core.runner.PickleStepDefinitionMatch.runStep(PickleStepDefinitionMatch.java:63)
	at io.cucumber.core.runner.ExecutionMode$1.execute(ExecutionMode.java:10)
	at io.cucumber.core.runner.TestStep.executeStep(TestStep.java:84)
	at io.cucumber.core.runner.TestStep.run(TestStep.java:56)
	at io.cucumber.core.runner.PickleStepTestStep.run(PickleStepTestStep.java:51)
	at io.cucumber.core.runner.TestCase.run(TestCase.java:84)
	at io.cucumber.core.runner.Runner.runPickle(Runner.java:75)
	at io.cucumber.testng.TestNGCucumberRunner.lambda$runScenario$1(TestNGCucumberRunner.java:132)
	at io.cucumber.core.runtime.CucumberExecutionContext.lambda$runTestCase$5(CucumberExecutionContext.java:137)
	at io.cucumber.core.runtime.RethrowingThrowableCollector.executeAndThrow(RethrowingThrowableCollector.java:23)
	at io.cucumber.core.runtime.CucumberExecutionContext.runTestCase(CucumberExecutionContext.java:137)
	at io.cucumber.testng.TestNGCucumberRunner.runScenario(TestNGCucumberRunner.java:129)
	at io.cucumber.testng.AbstractTestNGCucumberTests.runScenario(AbstractTestNGCucumberTests.java:35)
	at java.base/jdk.internal.reflect.DirectMethodHandleAccessor.invoke(DirectMethodHandleAccessor.java:103)
	at java.base/java.lang.reflect.Method.invoke(Method.java:580)
	at org.testng.internal.invokers.MethodInvocationHelper.invokeMethod(MethodInvocationHelper.java:139)
	at org.testng.internal.invokers.TestInvoker.invokeMethod(TestInvoker.java:664)
	at org.testng.internal.invokers.TestInvoker.invokeTestMethod(TestInvoker.java:227)
	at org.testng.internal.invokers.MethodRunner.runInSequence(MethodRunner.java:50)
	at org.testng.internal.invokers.TestInvoker$MethodInvocationAgent.invoke(TestInvoker.java:957)
	at org.testng.internal.invokers.TestInvoker.invokeTestMethods(TestInvoker.java:200)
	at org.testng.internal.invokers.TestMethodWorker.invokeTestMethods(TestMethodWorker.java:148)
	at org.testng.internal.invokers.TestMethodWorker.run(TestMethodWorker.java:128)
	at java.base/java.util.ArrayList.forEach(ArrayList.java:1596)
	at org.testng.TestRunner.privateRun(TestRunner.java:848)
	at org.testng.TestRunner.run(TestRunner.java:621)
	at org.testng.SuiteRunner.runTest(SuiteRunner.java:443)
	at org.testng.SuiteRunner.runSequentially(SuiteRunner.java:437)
	at org.testng.SuiteRunner.privateRun(SuiteRunner.java:397)
	at org.testng.SuiteRunner.run(SuiteRunner.java:336)
	at org.testng.SuiteRunnerWorker.runSuite(SuiteRunnerWorker.java:52)
	at org.testng.SuiteRunnerWorker.run(SuiteRunnerWorker.java:95)
	at org.testng.TestNG.runSuitesSequentially(TestNG.java:1280)
	at org.testng.TestNG.runSuitesLocally(TestNG.java:1200)
	at org.testng.TestNG.runSuites(TestNG.java:1114)
	at org.testng.TestNG.run(TestNG.java:1082)
	at org.testng.remote.AbstractRemoteTestNG.run(AbstractRemoteTestNG.java:115)
	at org.testng.remote.RemoteTestNG.initAndRun(RemoteTestNG.java:293)
	at org.testng.remote.RemoteTestNG.main(RemoteTestNG.java:91)
]]>
</failure>
<system-out><![CDATA[
Given I am on Amazon homepage...............................................passed
When I search for "wireless keyboard".......................................passed
And I click on the first search result......................................passed
And I add the product to cart...............................................failed
Then the product should be added to cart....................................skipped
When I click on cart icon...................................................skipped
Then I should see the cart page.............................................skipped
And I should see items in cart..............................................skipped
And I should see cart subtotal..............................................skipped
]]></system-out>
</testcase>
<testcase classname="Amazon Homepage Functionality" name="Verify Amazon homepage loads successfully" time="22.141">
<system-out><![CDATA[
Given I am on Amazon homepage...............................................passed
Then I should see Amazon homepage loaded successfully.......................passed
And the page title should contain "Amazon"..................................passed
And I should see the search box.............................................passed
And I should see the cart icon..............................................passed
]]></system-out>
</testcase>
<testcase classname="Amazon Product Search Functionality" name="Search for a product" time="18.624">
<system-out><![CDATA[
Given I am on Amazon homepage...............................................passed
When I search for "laptop"..................................................passed
Then I should see search results............................................passed
And I should see at least 1 search results..................................passed
And search results should contain product titles............................passed
]]></system-out>
</testcase>
<testcase classname="Simple Test to Verify Setup" name="Basic homepage test" time="3.568">
<system-out><![CDATA[
Given I am on Amazon homepage...............................................passed
Then I should see Amazon homepage loaded successfully.......................passed
]]></system-out>
</testcase>
</testsuite>
